<?xml version="1.0" encoding="UTF-8"?>
<!-- Generated by org.testng.reporters.JUnitXMLReporter -->
<testsuite hostname="QA-ARATHOD01" name="Resident-portal-test" tests="5" failures="4" timestamp="24 Mar 2021 15:25:17 GMT" time="80.828" errors="0">
  <testcase name="Login_data" time="9.156" classname="Tests.Login_Page_Read_Excel">
    <failure type="java.lang.AssertionError" message="expected [true] but found [false]">
      <![CDATA[java.lang.AssertionError: expected [true] but found [false]
	at Tests.Login_Page_Read_Excel.Login_data(Login_Page_Read_Excel.java:49)
... Removed 28 stack frames]]>
    </failure>
  </testcase> <!-- Login_data -->
  <testcase name="Login_data" time="25.601" classname="Tests.Login_Page_Read_Excel"/>
  <testcase name="Login_data" time="15.401" classname="Tests.Login_Page_Read_Excel">
    <failure type="java.lang.AssertionError" message="expected [true] but found [false]">
      <![CDATA[java.lang.AssertionError: expected [true] but found [false]
	at Tests.Login_Page_Read_Excel.Login_data(Login_Page_Read_Excel.java:49)
... Removed 28 stack frames]]>
    </failure>
  </testcase> <!-- Login_data -->
  <testcase name="Login_data" time="9.59" classname="Tests.Login_Page_Read_Excel">
    <failure type="java.lang.AssertionError" message="expected [true] but found [false]">
      <![CDATA[java.lang.AssertionError: expected [true] but found [false]
	at Tests.Login_Page_Read_Excel.Login_data(Login_Page_Read_Excel.java:49)
... Removed 28 stack frames]]>
    </failure>
  </testcase> <!-- Login_data -->
  <testcase name="Login_data" time="8.04" classname="Tests.Login_Page_Read_Excel">
    <failure type="java.lang.AssertionError" message="expected [true] but found [false]">
      <![CDATA[java.lang.AssertionError: expected [true] but found [false]
	at Tests.Login_Page_Read_Excel.Login_data(Login_Page_Read_Excel.java:49)
... Removed 28 stack frames]]>
    </failure>
  </testcase> <!-- Login_data -->
</testsuite> <!-- Resident-portal-test -->
