<?xml version="1.0" encoding="UTF-8"?>
<!-- Generated by org.testng.reporters.JUnitXMLReporter -->
<testsuite hostname="QA-ARATHOD01" name="Resident-portal-test" tests="6" failures="6" timestamp="11 May 2021 15:30:20 GMT" time="89.707" errors="0">
  <testcase name="Login_test" time="16.604" classname="Tests.Login_Page">
    <failure type="java.lang.AssertionError" message="expected [true] but found [false]">
      <![CDATA[java.lang.AssertionError: expected [true] but found [false]
	at Tests.Login_Page.Login_test(Login_Page.java:43)
... Removed 28 stack frames]]>
    </failure>
  </testcase> <!-- Login_test -->
  <testcase name="Login_data" time="10.36" classname="Tests.Login_Page_Read_Excel">
    <failure type="java.lang.AssertionError" message="expected [true] but found [false]">
      <![CDATA[java.lang.AssertionError: expected [true] but found [false]
	at Tests.Login_Page_Read_Excel.Login_data(Login_Page_Read_Excel.java:49)
... Removed 28 stack frames]]>
    </failure>
  </testcase> <!-- Login_data -->
  <testcase name="Login_data" time="9.514" classname="Tests.Login_Page_Read_Excel">
    <failure type="java.lang.AssertionError" message="expected [true] but found [false]">
      <![CDATA[java.lang.AssertionError: expected [true] but found [false]
	at Tests.Login_Page_Read_Excel.Login_data(Login_Page_Read_Excel.java:49)
... Removed 28 stack frames]]>
    </failure>
  </testcase> <!-- Login_data -->
  <testcase name="Login_data" time="9.578" classname="Tests.Login_Page_Read_Excel">
    <failure type="java.lang.AssertionError" message="expected [true] but found [false]">
      <![CDATA[java.lang.AssertionError: expected [true] but found [false]
	at Tests.Login_Page_Read_Excel.Login_data(Login_Page_Read_Excel.java:49)
... Removed 28 stack frames]]>
    </failure>
  </testcase> <!-- Login_data -->
  <testcase name="Login_data" time="9.333" classname="Tests.Login_Page_Read_Excel">
    <failure type="java.lang.AssertionError" message="expected [true] but found [false]">
      <![CDATA[java.lang.AssertionError: expected [true] but found [false]
	at Tests.Login_Page_Read_Excel.Login_data(Login_Page_Read_Excel.java:49)
... Removed 28 stack frames]]>
    </failure>
  </testcase> <!-- Login_data -->
  <testcase name="Login_data" time="9.078" classname="Tests.Login_Page_Read_Excel">
    <failure type="java.lang.AssertionError" message="expected [true] but found [false]">
      <![CDATA[java.lang.AssertionError: expected [true] but found [false]
	at Tests.Login_Page_Read_Excel.Login_data(Login_Page_Read_Excel.java:49)
... Removed 28 stack frames]]>
    </failure>
  </testcase> <!-- Login_data -->
</testsuite> <!-- Resident-portal-test -->
