<?xml version="1.0" encoding="UTF-8"?>
<testsuite name="TestSuite" time="24.322" tests="6" errors="0" skipped="0" failures="4">
  <properties>
[...]
</properties>
  <testcase name="Login_test" classname="Tests.Login_Page" time="14.936"/>
  <testcase name="Login_data" classname="Tests.Login_Page_Read_Excel" time="9.386">
    <failure message="expected [true] but found [false]" type="java.lang.AssertionError">java.lang.AssertionError: expected [true] but found [false]
	at org.testng.Assert.fail(Assert.java:94)
	at org.testng.Assert.failNotEquals(Assert.java:494)
	at org.testng.Assert.assertTrue(Assert.java:42)
	at org.testng.Assert.assertTrue(Assert.java:52)
	at Tests.Login_Page_Read_Excel.Login_data(Login_Page_Read_Excel.java:49)
</failure>
    <system-out><![CDATA[App opened succesfuly
 INFO [main] (Login_Page_Read_Excel.java:20)- Got username
 INFO [main] (Login_Page_Read_Excel.java:23)- Got pass
 INFO [main] (Login_Page_Read_Excel.java:26)- Got clicked
User Login
 INFO [main] (Login_Page_Read_Excel.java:31)- Got Title
Screenshot captured
Login failed
]]></system-out>
    <system-err><![CDATA[May 14, 2021 12:21:45 AM io.appium.java_client.remote.AppiumCommandExecutor$1 lambda$0
INFO: Detected dialect: W3C
]]></system-err>
  </testcase>
  <testcase name="Login_data" classname="Tests.Login_Page_Read_Excel" time="25.093"/>
  <testcase name="Login_data" classname="Tests.Login_Page_Read_Excel" time="14.825">
    <failure message="expected [true] but found [false]" type="java.lang.AssertionError">java.lang.AssertionError: expected [true] but found [false]
	at org.testng.Assert.fail(Assert.java:94)
	at org.testng.Assert.failNotEquals(Assert.java:494)
	at org.testng.Assert.assertTrue(Assert.java:42)
	at org.testng.Assert.assertTrue(Assert.java:52)
	at Tests.Login_Page_Read_Excel.Login_data(Login_Page_Read_Excel.java:49)
</failure>
    <system-out><![CDATA[ INFO [main] (Login_Page_Read_Excel.java:20)- Got username
 INFO [main] (Login_Page_Read_Excel.java:23)- Got pass
 INFO [main] (Login_Page_Read_Excel.java:26)- Got clicked
User Login
 INFO [main] (Login_Page_Read_Excel.java:31)- Got Title
Screenshot captured
Login failed
]]></system-out>
  </testcase>
  <testcase name="Login_data" classname="Tests.Login_Page_Read_Excel" time="8.251">
    <failure message="expected [true] but found [false]" type="java.lang.AssertionError">java.lang.AssertionError: expected [true] but found [false]
	at org.testng.Assert.fail(Assert.java:94)
	at org.testng.Assert.failNotEquals(Assert.java:494)
	at org.testng.Assert.assertTrue(Assert.java:42)
	at org.testng.Assert.assertTrue(Assert.java:52)
	at Tests.Login_Page_Read_Excel.Login_data(Login_Page_Read_Excel.java:49)
</failure>
    <system-out><![CDATA[ INFO [main] (Login_Page_Read_Excel.java:20)- Got username
 INFO [main] (Login_Page_Read_Excel.java:23)- Got pass
 INFO [main] (Login_Page_Read_Excel.java:26)- Got clicked
User Login
 INFO [main] (Login_Page_Read_Excel.java:31)- Got Title
Screenshot captured
Login failed
]]></system-out>
  </testcase>
  <testcase name="Login_data" classname="Tests.Login_Page_Read_Excel" time="8.028">
    <failure message="expected [true] but found [false]" type="java.lang.AssertionError">java.lang.AssertionError: expected [true] but found [false]
	at org.testng.Assert.fail(Assert.java:94)
	at org.testng.Assert.failNotEquals(Assert.java:494)
	at org.testng.Assert.assertTrue(Assert.java:42)
	at org.testng.Assert.assertTrue(Assert.java:52)
	at Tests.Login_Page_Read_Excel.Login_data(Login_Page_Read_Excel.java:49)
</failure>
    <system-out><![CDATA[ INFO [main] (Login_Page_Read_Excel.java:20)- Got username
 INFO [main] (Login_Page_Read_Excel.java:23)- Got pass
 INFO [main] (Login_Page_Read_Excel.java:26)- Got clicked
User Login
 INFO [main] (Login_Page_Read_Excel.java:31)- Got Title
Screenshot captured
Login failed
]]></system-out>
  </testcase>
</testsuite>